<?xml version="1.0" encoding="UTF-8"?>
<testsuite xmlns:xsi="http://www.w3.org/2001/XMLSchema-instance" xsi:noNamespaceSchemaLocation="https://maven.apache.org/surefire/maven-surefire-plugin/xsd/surefire-test-report.xsd" name="TestSuite" time="63.245" tests="4" errors="0" skipped="2" failures="1">
  <properties>
[...]
</properties>
  <testcase name="test" classname="com.wipro.asg.Runner" time="61.796"/>
  <testcase name="test" classname="com.wipro.asg.Runner" time="0">
    <skipped/>
  </testcase>
  <testcase name="aftertest" classname="com.wipro.asg.Runner" time="61.799">
    <failure type="java.lang.NullPointerException">java.lang.NullPointerException
	at com.wipro.asg.Runner.aftertest(Runner.java:327)
</failure>
  </testcase>
  <testcase name="aftertest" classname="com.wipro.asg.Runner" time="0">
    <skipped/>
  </testcase>
</testsuite>