<?xml version="1.0" encoding="UTF-8"?>
<testng-results skipped="1" failed="0" total="2" passed="1">
  <reporter-output>
  </reporter-output>
  <suite name="AllTestsSuite" duration-ms="61865" started-at="2021-02-12T04:55:24Z" finished-at="2021-02-12T04:56:25Z">
    <groups>
    </groups>
    <test name="OpenCartTest" duration-ms="61865" started-at="2021-02-12T04:55:24Z" finished-at="2021-02-12T04:56:25Z">
      <class name="com.wipro.asg.Runner">
        <test-method status="PASS" signature="test(java.lang.Double, java.lang.String, java.lang.String, java.lang.String, java.lang.String, java.lang.Double, java.lang.String, java.lang.String, java.lang.String, java.lang.String)[pri:0, instance:com.wipro.asg.Runner@510f3d34]" name="test" duration-ms="61705" started-at="2021-02-12T06:55:24Z" data-provider="input" finished-at="2021-02-12T06:56:25Z">
          <params>
            <param index="0">
              <value>
                <![CDATA[1.0]]>
              </value>
            </param>
            <param index="1">
              <value>
                <![CDATA[nouser@nouser.com]]>
              </value>
            </param>
            <param index="2">
              <value>
                <![CDATA[nouserpass]]>
              </value>
            </param>
            <param index="3">
              <value>
                <![CDATA[Your shopping cart is empty!]]>
              </value>
            </param>
            <param index="4">
              <value>
                <![CDATA[Macbook]]>
              </value>
            </param>
            <param index="5">
              <value>
                <![CDATA[3.0]]>
              </value>
            </param>
            <param index="6">
              <value>
                <![CDATA[Macbook]]>
              </value>
            </param>
            <param index="7">
              <value>
                <![CDATA[Macbook Air]]>
              </value>
            </param>
            <param index="8">
              <value>
                <![CDATA[Macbook Pro]]>
              </value>
            </param>
            <param index="9">
              <value>
                <![CDATA[Fail Login Case]]>
              </value>
            </param>
          </params>
          <reporter-output>
          </reporter-output>
        </test-method> <!-- test -->
        <test-method status="FAIL" signature="aftertest()[pri:0, instance:com.wipro.asg.Runner@510f3d34]" name="aftertest" is-config="true" duration-ms="0" started-at="2021-02-12T06:56:25Z" finished-at="2021-02-12T06:56:25Z">
          <exception class="java.lang.NullPointerException">
            <full-stacktrace>
              <![CDATA[java.lang.NullPointerException
	at com.wipro.asg.Runner.aftertest(Runner.java:327)
	at sun.reflect.NativeMethodAccessorImpl.invoke0(Native Method)
	at sun.reflect.NativeMethodAccessorImpl.invoke(NativeMethodAccessorImpl.java:62)
	at sun.reflect.DelegatingMethodAccessorImpl.invoke(DelegatingMethodAccessorImpl.java:43)
	at java.lang.reflect.Method.invoke(Method.java:498)
	at org.testng.internal.MethodInvocationHelper.invokeMethod(MethodInvocationHelper.java:85)
	at org.testng.internal.Invoker.invokeConfigurationMethod(Invoker.java:510)
	at org.testng.internal.Invoker.invokeConfigurations(Invoker.java:211)
	at org.testng.internal.Invoker.invokeMethod(Invoker.java:703)
	at org.testng.internal.Invoker.invokeTestMethod(Invoker.java:816)
	at org.testng.internal.Invoker.invokeTestMethods(Invoker.java:1124)
	at org.testng.internal.TestMethodWorker.invokeTestMethods(TestMethodWorker.java:125)
	at org.testng.internal.TestMethodWorker.run(TestMethodWorker.java:108)
	at org.testng.TestRunner.privateRun(TestRunner.java:774)
	at org.testng.TestRunner.run(TestRunner.java:624)
	at org.testng.SuiteRunner.runTest(SuiteRunner.java:359)
	at org.testng.SuiteRunner.runSequentially(SuiteRunner.java:354)
	at org.testng.SuiteRunner.privateRun(SuiteRunner.java:312)
	at org.testng.SuiteRunner.run(SuiteRunner.java:261)
	at org.testng.SuiteRunnerWorker.runSuite(SuiteRunnerWorker.java:52)
	at org.testng.SuiteRunnerWorker.run(SuiteRunnerWorker.java:86)
	at org.testng.TestNG.runSuitesSequentially(TestNG.java:1191)
	at org.testng.TestNG.runSuitesLocally(TestNG.java:1116)
	at org.testng.TestNG.run(TestNG.java:1024)
	at org.apache.maven.surefire.testng.TestNGExecutor.run(TestNGExecutor.java:283)
	at org.apache.maven.surefire.testng.TestNGXmlTestSuite.execute(TestNGXmlTestSuite.java:75)
	at org.apache.maven.surefire.testng.TestNGProvider.invoke(TestNGProvider.java:120)
	at org.apache.maven.surefire.booter.ForkedBooter.invokeProviderInSameClassLoader(ForkedBooter.java:386)
	at org.apache.maven.surefire.booter.ForkedBooter.runSuitesInProcess(ForkedBooter.java:323)
	at org.apache.maven.surefire.booter.ForkedBooter.main(ForkedBooter.java:143)
]]>
            </full-stacktrace>
          </exception> <!-- java.lang.NullPointerException -->
          <reporter-output>
          </reporter-output>
        </test-method> <!-- aftertest -->
        <test-method status="SKIP" signature="test(java.lang.Double, java.lang.String, java.lang.String, java.lang.String, java.lang.String, java.lang.Double, java.lang.String, java.lang.String, java.lang.String, java.lang.String)[pri:0, instance:com.wipro.asg.Runner@510f3d34]" name="test" duration-ms="0" started-at="2021-02-12T06:56:25Z" data-provider="input" finished-at="2021-02-12T06:56:25Z">
          <params>
            <param index="0">
              <value>
                <![CDATA[2.0]]>
              </value>
            </param>
            <param index="1">
              <value>
                <![CDATA[demoa1@demoa1.com]]>
              </value>
            </param>
            <param index="2">
              <value>
                <![CDATA[Demo@123]]>
              </value>
            </param>
            <param index="3">
              <value>
                <![CDATA[Your shopping cart is empty!]]>
              </value>
            </param>
            <param index="4">
              <value>
                <![CDATA[Macbook]]>
              </value>
            </param>
            <param index="5">
              <value>
                <![CDATA[3.0]]>
              </value>
            </param>
            <param index="6">
              <value>
                <![CDATA[Macbook]]>
              </value>
            </param>
            <param index="7">
              <value>
                <![CDATA[Macbook Air]]>
              </value>
            </param>
            <param index="8">
              <value>
                <![CDATA[Macbook Pro]]>
              </value>
            </param>
            <param index="9">
              <value>
                <![CDATA[Pass]]>
              </value>
            </param>
          </params>
          <reporter-output>
          </reporter-output>
        </test-method> <!-- test -->
        <test-method status="SKIP" signature="aftertest()[pri:0, instance:com.wipro.asg.Runner@510f3d34]" name="aftertest" is-config="true" duration-ms="0" started-at="2021-02-12T06:56:25Z" finished-at="2021-02-12T06:56:25Z">
          <reporter-output>
          </reporter-output>
        </test-method> <!-- aftertest -->
      </class> <!-- com.wipro.asg.Runner -->
    </test> <!-- OpenCartTest -->
  </suite> <!-- AllTestsSuite -->
</testng-results>
