<?xml version="1.0" encoding="UTF-8"?>
<!-- Generated by org.testng.reporters.JUnitXMLReporter -->
<testsuite hostname="30190JNBPBB126L" name="OpenCartTest" tests="2" failures="0" timestamp="12 Feb 2021 04:56:25 GMT" time="61.865" errors="0">
  <testcase name="@AfterMethod aftertest" time="0.0" classname="com.wipro.asg.Runner">
    <failure type="java.lang.NullPointerException">
      <![CDATA[java.lang.NullPointerException
	at com.wipro.asg.Runner.aftertest(Runner.java:327)
... Removed 29 stack frames]]>
    </failure>
  </testcase> <!-- @AfterMethod aftertest -->
  <testcase name="@AfterMethod aftertest" time="0.0" classname="com.wipro.asg.Runner">
    <skipped/>
  </testcase> <!-- @AfterMethod aftertest -->
  <testcase name="test" time="61.705" classname="com.wipro.asg.Runner"/>
  <testcase name="test" time="0.0" classname="com.wipro.asg.Runner">
    <skipped/>
  </testcase> <!-- test -->
</testsuite> <!-- OpenCartTest -->
